Drill report for bbbalarm.kicad_pcb
Created on Sat Jul  2 01:15:30 2022

Copper Layer Stackup:
    =============================================================
    L1 :  F.Cu                      front
    L2 :  B.Cu                      back


Drill file 'bbbalarm-PTH.drl' contains
    plated through holes:
    =============================================================
    T1  0.400mm  0.0157"  (16 holes)
    T2  0.800mm  0.0315"  (24 holes)
    T3  0.900mm  0.0354"  (8 holes)
    T4  1.000mm  0.0394"  (6 holes)
    T5  1.016mm  0.0400"  (92 holes)
    T6  1.100mm  0.0433"  (18 holes)
    T7  1.150mm  0.0453"  (4 holes)

    Total plated holes count 168


Drill file 'bbbalarm-NPTH.drl' contains
    unplated through holes:
    =============================================================
    T1  1.100mm  0.0433"  (8 holes)

    Total unplated holes count 8
